<?xml version="1.0" encoding="UTF-8"?>
<robot generator="Robot 6.1.1 (Python 3.10.10 on linux)" generated="20231116 21:03:01.696" rpa="false" schemaversion="4">
<suite id="s1" name="Tests" source="/home/study/Documents/ohtu/ohjelmistotuotanto/viikko3/hello-robot/src/tests">
<suite id="s1-s1" name="Increase Counter" source="/home/study/Documents/ohtu/ohjelmistotuotanto/viikko3/hello-robot/src/tests/increase_counter.robot">
<test id="s1-s1-t1" name="Increase Counter Once" line="5">
<kw name="Counter Value Should Be" library="CounterLibrary">
<arg>0</arg>
<status status="PASS" starttime="20231116 21:03:01.705" endtime="20231116 21:03:01.705"/>
</kw>
<kw name="Increase Counter" library="CounterLibrary">
<status status="PASS" starttime="20231116 21:03:01.705" endtime="20231116 21:03:01.705"/>
</kw>
<kw name="Counter Value Should Be" library="CounterLibrary">
<arg>1</arg>
<status status="PASS" starttime="20231116 21:03:01.706" endtime="20231116 21:03:01.706"/>
</kw>
<status status="PASS" starttime="20231116 21:03:01.705" endtime="20231116 21:03:01.706"/>
</test>
<test id="s1-s1-t2" name="Increase Counter Many Times" line="10">
<kw name="Counter Value Should Be" library="CounterLibrary">
<arg>0</arg>
<status status="PASS" starttime="20231116 21:03:01.706" endtime="20231116 21:03:01.706"/>
</kw>
<kw name="Increase Counter" library="CounterLibrary">
<status status="PASS" starttime="20231116 21:03:01.706" endtime="20231116 21:03:01.706"/>
</kw>
<kw name="Increase Counter" library="CounterLibrary">
<status status="PASS" starttime="20231116 21:03:01.706" endtime="20231116 21:03:01.706"/>
</kw>
<kw name="Increase Counter" library="CounterLibrary">
<status status="PASS" starttime="20231116 21:03:01.706" endtime="20231116 21:03:01.706"/>
</kw>
<kw name="Counter Value Should Be" library="CounterLibrary">
<arg>3</arg>
<status status="PASS" starttime="20231116 21:03:01.706" endtime="20231116 21:03:01.706"/>
</kw>
<status status="PASS" starttime="20231116 21:03:01.706" endtime="20231116 21:03:01.706"/>
</test>
<test id="s1-s1-t3" name="Increment Counter By Amount" line="17">
<kw name="Counter Value Should Be" library="CounterLibrary">
<arg>0</arg>
<status status="PASS" starttime="20231116 21:03:01.707" endtime="20231116 21:03:01.707"/>
</kw>
<kw name="Increment Counter By" library="CounterLibrary">
<arg>5</arg>
<status status="PASS" starttime="20231116 21:03:01.707" endtime="20231116 21:03:01.707"/>
</kw>
<kw name="Counter Value Should Be" library="CounterLibrary">
<arg>5</arg>
<status status="PASS" starttime="20231116 21:03:01.707" endtime="20231116 21:03:01.707"/>
</kw>
<status status="PASS" starttime="20231116 21:03:01.707" endtime="20231116 21:03:01.707"/>
</test>
<status status="PASS" starttime="20231116 21:03:01.703" endtime="20231116 21:03:01.707"/>
</suite>
<suite id="s1-s2" name="Reset Counter" source="/home/study/Documents/ohtu/ohjelmistotuotanto/viikko3/hello-robot/src/tests/reset_counter.robot">
<test id="s1-s2-t1" name="Increase Counter Once" line="5">
<kw name="Counter Value Should Be" library="CounterLibrary">
<arg>0</arg>
<status status="PASS" starttime="20231116 21:03:01.708" endtime="20231116 21:03:01.708"/>
</kw>
<kw name="Increase Counter" library="CounterLibrary">
<status status="PASS" starttime="20231116 21:03:01.709" endtime="20231116 21:03:01.709"/>
</kw>
<kw name="Counter Value Should Be" library="CounterLibrary">
<arg>1</arg>
<status status="PASS" starttime="20231116 21:03:01.709" endtime="20231116 21:03:01.709"/>
</kw>
<kw name="Reset Counter" library="CounterLibrary">
<status status="PASS" starttime="20231116 21:03:01.709" endtime="20231116 21:03:01.709"/>
</kw>
<kw name="Counter Value Should Be" library="CounterLibrary">
<arg>0</arg>
<status status="PASS" starttime="20231116 21:03:01.709" endtime="20231116 21:03:01.709"/>
</kw>
<status status="PASS" starttime="20231116 21:03:01.708" endtime="20231116 21:03:01.709"/>
</test>
<test id="s1-s2-t2" name="Reset Counter After Several Increments" line="12">
<kw name="Counter Value Should Be" library="CounterLibrary">
<arg>0</arg>
<status status="PASS" starttime="20231116 21:03:01.709" endtime="20231116 21:03:01.709"/>
</kw>
<kw name="Increment Counter By" library="CounterLibrary">
<arg>5</arg>
<status status="PASS" starttime="20231116 21:03:01.709" endtime="20231116 21:03:01.709"/>
</kw>
<kw name="Counter Value Should Be" library="CounterLibrary">
<arg>5</arg>
<status status="PASS" starttime="20231116 21:03:01.709" endtime="20231116 21:03:01.709"/>
</kw>
<kw name="Reset Counter" library="CounterLibrary">
<status status="PASS" starttime="20231116 21:03:01.709" endtime="20231116 21:03:01.709"/>
</kw>
<kw name="Counter Value Should Be" library="CounterLibrary">
<arg>0</arg>
<status status="PASS" starttime="20231116 21:03:01.709" endtime="20231116 21:03:01.710"/>
</kw>
<status status="PASS" starttime="20231116 21:03:01.709" endtime="20231116 21:03:01.710"/>
</test>
<status status="PASS" starttime="20231116 21:03:01.707" endtime="20231116 21:03:01.710"/>
</suite>
<status status="PASS" starttime="20231116 21:03:01.696" endtime="20231116 21:03:01.710"/>
</suite>
<statistics>
<total>
<stat pass="5" fail="0" skip="0">All Tests</stat>
</total>
<tag>
</tag>
<suite>
<stat pass="5" fail="0" skip="0" id="s1" name="Tests">Tests</stat>
<stat pass="3" fail="0" skip="0" id="s1-s1" name="Increase Counter">Tests.Increase Counter</stat>
<stat pass="2" fail="0" skip="0" id="s1-s2" name="Reset Counter">Tests.Reset Counter</stat>
</suite>
</statistics>
<errors>
</errors>
</robot>
