<?xml version="1.0" encoding="UTF-8"?>
<robot generator="Robot 6.1.1 (Python 3.10.10 on linux)" generated="20231119 20:58:57.769" rpa="false" schemaversion="4">
<suite id="s1" name="Tests" source="/home/study/Documents/ohtu/ohjelmistotuotanto/viikko3/login-robot/src/tests">
<suite id="s1-s1" name="Login" source="/home/study/Documents/ohtu/ohjelmistotuotanto/viikko3/login-robot/src/tests/login.robot">
<test id="s1-s1-t1" name="Login With Correct Credentials" line="6">
<kw name="Create User And Input Login Command" type="SETUP">
<kw name="Create User" library="AppLibrary">
<arg>kalle</arg>
<arg>kalle123</arg>
<status status="PASS" starttime="20231119 20:58:57.780" endtime="20231119 20:58:57.780"/>
</kw>
<kw name="Input Login Command" library="resource">
<kw name="Input" library="AppLibrary">
<arg>login</arg>
<status status="PASS" starttime="20231119 20:58:57.780" endtime="20231119 20:58:57.780"/>
</kw>
<status status="PASS" starttime="20231119 20:58:57.780" endtime="20231119 20:58:57.780"/>
</kw>
<status status="PASS" starttime="20231119 20:58:57.780" endtime="20231119 20:58:57.780"/>
</kw>
<kw name="Input Credentials" library="resource">
<arg>kalle</arg>
<arg>kalle123</arg>
<kw name="Input" library="AppLibrary">
<arg>${username}</arg>
<status status="PASS" starttime="20231119 20:58:57.780" endtime="20231119 20:58:57.780"/>
</kw>
<kw name="Input" library="AppLibrary">
<arg>${password}</arg>
<status status="PASS" starttime="20231119 20:58:57.780" endtime="20231119 20:58:57.780"/>
</kw>
<kw name="Run Application" library="AppLibrary">
<status status="PASS" starttime="20231119 20:58:57.780" endtime="20231119 20:58:57.780"/>
</kw>
<status status="PASS" starttime="20231119 20:58:57.780" endtime="20231119 20:58:57.780"/>
</kw>
<kw name="Output Should Contain" library="AppLibrary">
<arg>Logged in</arg>
<status status="PASS" starttime="20231119 20:58:57.780" endtime="20231119 20:58:57.781"/>
</kw>
<status status="PASS" starttime="20231119 20:58:57.779" endtime="20231119 20:58:57.781"/>
</test>
<test id="s1-s1-t2" name="Login With Incorrect password" line="10">
<kw name="Create User And Input Login Command" type="SETUP">
<kw name="Create User" library="AppLibrary">
<arg>kalle</arg>
<arg>kalle123</arg>
<status status="PASS" starttime="20231119 20:58:57.781" endtime="20231119 20:58:57.781"/>
</kw>
<kw name="Input Login Command" library="resource">
<kw name="Input" library="AppLibrary">
<arg>login</arg>
<status status="PASS" starttime="20231119 20:58:57.781" endtime="20231119 20:58:57.781"/>
</kw>
<status status="PASS" starttime="20231119 20:58:57.781" endtime="20231119 20:58:57.781"/>
</kw>
<status status="PASS" starttime="20231119 20:58:57.781" endtime="20231119 20:58:57.781"/>
</kw>
<kw name="Input Credentials" library="resource">
<arg>kalle</arg>
<arg>hel666</arg>
<kw name="Input" library="AppLibrary">
<arg>${username}</arg>
<status status="PASS" starttime="20231119 20:58:57.781" endtime="20231119 20:58:57.781"/>
</kw>
<kw name="Input" library="AppLibrary">
<arg>${password}</arg>
<status status="PASS" starttime="20231119 20:58:57.781" endtime="20231119 20:58:57.781"/>
</kw>
<kw name="Run Application" library="AppLibrary">
<status status="PASS" starttime="20231119 20:58:57.781" endtime="20231119 20:58:57.781"/>
</kw>
<status status="PASS" starttime="20231119 20:58:57.781" endtime="20231119 20:58:57.781"/>
</kw>
<kw name="Output Should Contain" library="AppLibrary">
<arg>Invalid username or password</arg>
<status status="PASS" starttime="20231119 20:58:57.782" endtime="20231119 20:58:57.782"/>
</kw>
<status status="PASS" starttime="20231119 20:58:57.781" endtime="20231119 20:58:57.782"/>
</test>
<test id="s1-s1-t3" name="Login With Nonexistent username" line="14">
<kw name="Create User And Input Login Command" type="SETUP">
<kw name="Create User" library="AppLibrary">
<arg>kalle</arg>
<arg>kalle123</arg>
<status status="PASS" starttime="20231119 20:58:57.782" endtime="20231119 20:58:57.782"/>
</kw>
<kw name="Input Login Command" library="resource">
<kw name="Input" library="AppLibrary">
<arg>login</arg>
<status status="PASS" starttime="20231119 20:58:57.782" endtime="20231119 20:58:57.782"/>
</kw>
<status status="PASS" starttime="20231119 20:58:57.782" endtime="20231119 20:58:57.782"/>
</kw>
<status status="PASS" starttime="20231119 20:58:57.782" endtime="20231119 20:58:57.782"/>
</kw>
<kw name="Input Credentials" library="resource">
<arg>nonexistentdude</arg>
<arg>hel666</arg>
<kw name="Input" library="AppLibrary">
<arg>${username}</arg>
<status status="PASS" starttime="20231119 20:58:57.782" endtime="20231119 20:58:57.782"/>
</kw>
<kw name="Input" library="AppLibrary">
<arg>${password}</arg>
<status status="PASS" starttime="20231119 20:58:57.782" endtime="20231119 20:58:57.782"/>
</kw>
<kw name="Run Application" library="AppLibrary">
<status status="PASS" starttime="20231119 20:58:57.782" endtime="20231119 20:58:57.783"/>
</kw>
<status status="PASS" starttime="20231119 20:58:57.782" endtime="20231119 20:58:57.783"/>
</kw>
<kw name="Output Should Contain" library="AppLibrary">
<arg>Invalid username or password</arg>
<status status="PASS" starttime="20231119 20:58:57.783" endtime="20231119 20:58:57.783"/>
</kw>
<status status="PASS" starttime="20231119 20:58:57.782" endtime="20231119 20:58:57.783"/>
</test>
<status status="PASS" starttime="20231119 20:58:57.777" endtime="20231119 20:58:57.783"/>
</suite>
<suite id="s1-s2" name="Register" source="/home/study/Documents/ohtu/ohjelmistotuotanto/viikko3/login-robot/src/tests/register.robot">
<test id="s1-s2-t1" name="Register With Valid Username And Password" line="6">
<kw name="Input New Command And Create User" type="SETUP">
<kw name="Input New Command" library="resource">
<kw name="Input" library="AppLibrary">
<arg>new</arg>
<status status="PASS" starttime="20231119 20:58:57.784" endtime="20231119 20:58:57.784"/>
</kw>
<status status="PASS" starttime="20231119 20:58:57.784" endtime="20231119 20:58:57.784"/>
</kw>
<kw name="Create User" library="AppLibrary">
<arg>kalle</arg>
<arg>kalle123</arg>
<status status="PASS" starttime="20231119 20:58:57.784" endtime="20231119 20:58:57.784"/>
</kw>
<status status="PASS" starttime="20231119 20:58:57.784" endtime="20231119 20:58:57.784"/>
</kw>
<kw name="Input Credentials" library="resource">
<arg>niklas</arg>
<arg>niklas123</arg>
<kw name="Input" library="AppLibrary">
<arg>${username}</arg>
<status status="PASS" starttime="20231119 20:58:57.784" endtime="20231119 20:58:57.785"/>
</kw>
<kw name="Input" library="AppLibrary">
<arg>${password}</arg>
<status status="PASS" starttime="20231119 20:58:57.785" endtime="20231119 20:58:57.785"/>
</kw>
<kw name="Run Application" library="AppLibrary">
<status status="PASS" starttime="20231119 20:58:57.785" endtime="20231119 20:58:57.785"/>
</kw>
<status status="PASS" starttime="20231119 20:58:57.784" endtime="20231119 20:58:57.785"/>
</kw>
<kw name="Output Should Contain" library="AppLibrary">
<arg>New user registered</arg>
<status status="PASS" starttime="20231119 20:58:57.785" endtime="20231119 20:58:57.785"/>
</kw>
<status status="PASS" starttime="20231119 20:58:57.784" endtime="20231119 20:58:57.785"/>
</test>
<test id="s1-s2-t2" name="Register With Already Taken Username And Valid Password" line="10">
<kw name="Input New Command And Create User" type="SETUP">
<kw name="Input New Command" library="resource">
<kw name="Input" library="AppLibrary">
<arg>new</arg>
<status status="PASS" starttime="20231119 20:58:57.785" endtime="20231119 20:58:57.785"/>
</kw>
<status status="PASS" starttime="20231119 20:58:57.785" endtime="20231119 20:58:57.785"/>
</kw>
<kw name="Create User" library="AppLibrary">
<arg>kalle</arg>
<arg>kalle123</arg>
<status status="PASS" starttime="20231119 20:58:57.785" endtime="20231119 20:58:57.785"/>
</kw>
<status status="PASS" starttime="20231119 20:58:57.785" endtime="20231119 20:58:57.785"/>
</kw>
<kw name="Input Credentials" library="resource">
<arg>kalle</arg>
<arg>kalle123</arg>
<kw name="Input" library="AppLibrary">
<arg>${username}</arg>
<status status="PASS" starttime="20231119 20:58:57.786" endtime="20231119 20:58:57.786"/>
</kw>
<kw name="Input" library="AppLibrary">
<arg>${password}</arg>
<status status="PASS" starttime="20231119 20:58:57.786" endtime="20231119 20:58:57.786"/>
</kw>
<kw name="Run Application" library="AppLibrary">
<status status="PASS" starttime="20231119 20:58:57.786" endtime="20231119 20:58:57.786"/>
</kw>
<status status="PASS" starttime="20231119 20:58:57.786" endtime="20231119 20:58:57.786"/>
</kw>
<kw name="Output Should Contain" library="AppLibrary">
<arg>User with username kalle already exists</arg>
<status status="PASS" starttime="20231119 20:58:57.786" endtime="20231119 20:58:57.786"/>
</kw>
<status status="PASS" starttime="20231119 20:58:57.785" endtime="20231119 20:58:57.786"/>
</test>
<test id="s1-s2-t3" name="Register With Too Short Username And Valid Password" line="14">
<kw name="Input New Command And Create User" type="SETUP">
<kw name="Input New Command" library="resource">
<kw name="Input" library="AppLibrary">
<arg>new</arg>
<status status="PASS" starttime="20231119 20:58:57.787" endtime="20231119 20:58:57.787"/>
</kw>
<status status="PASS" starttime="20231119 20:58:57.787" endtime="20231119 20:58:57.787"/>
</kw>
<kw name="Create User" library="AppLibrary">
<arg>kalle</arg>
<arg>kalle123</arg>
<status status="PASS" starttime="20231119 20:58:57.787" endtime="20231119 20:58:57.787"/>
</kw>
<status status="PASS" starttime="20231119 20:58:57.786" endtime="20231119 20:58:57.787"/>
</kw>
<kw name="Input Credentials" library="resource">
<arg>ka</arg>
<arg>kalle123</arg>
<kw name="Input" library="AppLibrary">
<arg>${username}</arg>
<status status="PASS" starttime="20231119 20:58:57.787" endtime="20231119 20:58:57.787"/>
</kw>
<kw name="Input" library="AppLibrary">
<arg>${password}</arg>
<status status="PASS" starttime="20231119 20:58:57.787" endtime="20231119 20:58:57.787"/>
</kw>
<kw name="Run Application" library="AppLibrary">
<status status="PASS" starttime="20231119 20:58:57.787" endtime="20231119 20:58:57.787"/>
</kw>
<status status="PASS" starttime="20231119 20:58:57.787" endtime="20231119 20:58:57.787"/>
</kw>
<kw name="Output Should Contain" library="AppLibrary">
<arg>Invalid username</arg>
<status status="PASS" starttime="20231119 20:58:57.787" endtime="20231119 20:58:57.787"/>
</kw>
<status status="PASS" starttime="20231119 20:58:57.786" endtime="20231119 20:58:57.787"/>
</test>
<test id="s1-s2-t4" name="Register With Enough Long But Invalid Username And Valid Password" line="18">
<kw name="Input New Command And Create User" type="SETUP">
<kw name="Input New Command" library="resource">
<kw name="Input" library="AppLibrary">
<arg>new</arg>
<status status="PASS" starttime="20231119 20:58:57.788" endtime="20231119 20:58:57.788"/>
</kw>
<status status="PASS" starttime="20231119 20:58:57.788" endtime="20231119 20:58:57.788"/>
</kw>
<kw name="Create User" library="AppLibrary">
<arg>kalle</arg>
<arg>kalle123</arg>
<status status="PASS" starttime="20231119 20:58:57.788" endtime="20231119 20:58:57.788"/>
</kw>
<status status="PASS" starttime="20231119 20:58:57.788" endtime="20231119 20:58:57.788"/>
</kw>
<kw name="Input Credentials" library="resource">
<arg>k33!e</arg>
<arg>kalle123</arg>
<kw name="Input" library="AppLibrary">
<arg>${username}</arg>
<status status="PASS" starttime="20231119 20:58:57.788" endtime="20231119 20:58:57.788"/>
</kw>
<kw name="Input" library="AppLibrary">
<arg>${password}</arg>
<status status="PASS" starttime="20231119 20:58:57.788" endtime="20231119 20:58:57.788"/>
</kw>
<kw name="Run Application" library="AppLibrary">
<status status="PASS" starttime="20231119 20:58:57.788" endtime="20231119 20:58:57.788"/>
</kw>
<status status="PASS" starttime="20231119 20:58:57.788" endtime="20231119 20:58:57.788"/>
</kw>
<kw name="Output Should Contain" library="AppLibrary">
<arg>Invalid username</arg>
<status status="PASS" starttime="20231119 20:58:57.788" endtime="20231119 20:58:57.788"/>
</kw>
<status status="PASS" starttime="20231119 20:58:57.787" endtime="20231119 20:58:57.788"/>
</test>
<test id="s1-s2-t5" name="Register With Valid Username And Too Short Password" line="22">
<kw name="Input New Command And Create User" type="SETUP">
<kw name="Input New Command" library="resource">
<kw name="Input" library="AppLibrary">
<arg>new</arg>
<status status="PASS" starttime="20231119 20:58:57.789" endtime="20231119 20:58:57.789"/>
</kw>
<status status="PASS" starttime="20231119 20:58:57.789" endtime="20231119 20:58:57.789"/>
</kw>
<kw name="Create User" library="AppLibrary">
<arg>kalle</arg>
<arg>kalle123</arg>
<status status="PASS" starttime="20231119 20:58:57.789" endtime="20231119 20:58:57.789"/>
</kw>
<status status="PASS" starttime="20231119 20:58:57.789" endtime="20231119 20:58:57.789"/>
</kw>
<kw name="Input Credentials" library="resource">
<arg>juusto</arg>
<arg>ja</arg>
<kw name="Input" library="AppLibrary">
<arg>${username}</arg>
<status status="PASS" starttime="20231119 20:58:57.789" endtime="20231119 20:58:57.789"/>
</kw>
<kw name="Input" library="AppLibrary">
<arg>${password}</arg>
<status status="PASS" starttime="20231119 20:58:57.789" endtime="20231119 20:58:57.789"/>
</kw>
<kw name="Run Application" library="AppLibrary">
<status status="PASS" starttime="20231119 20:58:57.789" endtime="20231119 20:58:57.789"/>
</kw>
<status status="PASS" starttime="20231119 20:58:57.789" endtime="20231119 20:58:57.789"/>
</kw>
<kw name="Output Should Contain" library="AppLibrary">
<arg>Invalid password</arg>
<status status="PASS" starttime="20231119 20:58:57.789" endtime="20231119 20:58:57.790"/>
</kw>
<status status="PASS" starttime="20231119 20:58:57.789" endtime="20231119 20:58:57.790"/>
</test>
<test id="s1-s2-t6" name=" Register With Valid Username And Long Enough Password Containing Only Letters" line="26">
<kw name="Input New Command And Create User" type="SETUP">
<kw name="Input New Command" library="resource">
<kw name="Input" library="AppLibrary">
<arg>new</arg>
<status status="PASS" starttime="20231119 20:58:57.790" endtime="20231119 20:58:57.790"/>
</kw>
<status status="PASS" starttime="20231119 20:58:57.790" endtime="20231119 20:58:57.790"/>
</kw>
<kw name="Create User" library="AppLibrary">
<arg>kalle</arg>
<arg>kalle123</arg>
<status status="PASS" starttime="20231119 20:58:57.790" endtime="20231119 20:58:57.790"/>
</kw>
<status status="PASS" starttime="20231119 20:58:57.790" endtime="20231119 20:58:57.790"/>
</kw>
<kw name="Input Credentials" library="resource">
<arg>juusto</arg>
<arg>jaaastopaa</arg>
<kw name="Input" library="AppLibrary">
<arg>${username}</arg>
<status status="PASS" starttime="20231119 20:58:57.790" endtime="20231119 20:58:57.790"/>
</kw>
<kw name="Input" library="AppLibrary">
<arg>${password}</arg>
<status status="PASS" starttime="20231119 20:58:57.790" endtime="20231119 20:58:57.790"/>
</kw>
<kw name="Run Application" library="AppLibrary">
<status status="PASS" starttime="20231119 20:58:57.790" endtime="20231119 20:58:57.790"/>
</kw>
<status status="PASS" starttime="20231119 20:58:57.790" endtime="20231119 20:58:57.790"/>
</kw>
<kw name="Output Should Contain" library="AppLibrary">
<arg>Invalid password</arg>
<status status="PASS" starttime="20231119 20:58:57.791" endtime="20231119 20:58:57.791"/>
</kw>
<status status="PASS" starttime="20231119 20:58:57.790" endtime="20231119 20:58:57.791"/>
</test>
<status status="PASS" starttime="20231119 20:58:57.783" endtime="20231119 20:58:57.791"/>
</suite>
<status status="PASS" starttime="20231119 20:58:57.770" endtime="20231119 20:58:57.791"/>
</suite>
<statistics>
<total>
<stat pass="9" fail="0" skip="0">All Tests</stat>
</total>
<tag>
</tag>
<suite>
<stat pass="9" fail="0" skip="0" id="s1" name="Tests">Tests</stat>
<stat pass="3" fail="0" skip="0" id="s1-s1" name="Login">Tests.Login</stat>
<stat pass="6" fail="0" skip="0" id="s1-s2" name="Register">Tests.Register</stat>
</suite>
</statistics>
<errors>
</errors>
</robot>
